<?xml version="1.0" encoding="UTF-8"?>
<!-- Generated by org.testng.reporters.JUnitXMLReporter -->
<testsuite hostname="LAPTOP-E48591KV" ignored="0" name="Command line test" tests="4" failures="0" timestamp="2023-02-10T20:15:14 IST" time="8.595" errors="0">
  <testcase name="testPostUser" time="3.302" classname="TestEndpoints.TestEndpoints"/>
  <testcase name="testGetUserByName" time="1.236" classname="TestEndpoints.TestEndpoints"/>
  <testcase name="testUpdateUserByName" time="2.597" classname="TestEndpoints.TestEndpoints"/>
  <testcase name="testDeleteUserByName" time="1.16" classname="TestEndpoints.TestEndpoints"/>
</testsuite> <!-- Command line test -->
