<?xml version="1.0" encoding="UTF-8"?>
<testng-results skipped="0" failed="0" ignored="0" total="4" passed="4">
  <reporter-output>
  </reporter-output>
  <suite name="TestEndpoints.TestEndpoints" duration-ms="8595" started-at="2023-02-10T20:15:05 IST" finished-at="2023-02-10T20:15:14 IST">
    <groups>
    </groups>
    <test name="Command line test" duration-ms="8595" started-at="2023-02-10T20:15:05 IST" finished-at="2023-02-10T20:15:14 IST">
      <class name="TestEndpoints.TestEndpoints">
        <test-method status="PASS" signature="beforeTest()[pri:0, instance:TestEndpoints.TestEndpoints@3abbfa04]" name="beforeTest" is-config="true" duration-ms="265" started-at="2023-02-10T20:15:05 IST" finished-at="2023-02-10T20:15:06 IST">
          <reporter-output>
          </reporter-output>
        </test-method> <!-- beforeTest -->
        <test-method status="PASS" signature="testPostUser()[pri:1, instance:TestEndpoints.TestEndpoints@3abbfa04]" name="testPostUser" duration-ms="3302" started-at="2023-02-10T20:15:06 IST" finished-at="2023-02-10T20:15:09 IST">
          <reporter-output>
          </reporter-output>
        </test-method> <!-- testPostUser -->
        <test-method status="PASS" signature="testGetUserByName()[pri:2, instance:TestEndpoints.TestEndpoints@3abbfa04]" name="testGetUserByName" duration-ms="1236" started-at="2023-02-10T20:15:09 IST" finished-at="2023-02-10T20:15:10 IST">
          <reporter-output>
          </reporter-output>
        </test-method> <!-- testGetUserByName -->
        <test-method status="PASS" signature="testUpdateUserByName()[pri:3, instance:TestEndpoints.TestEndpoints@3abbfa04]" name="testUpdateUserByName" duration-ms="2597" started-at="2023-02-10T20:15:10 IST" finished-at="2023-02-10T20:15:13 IST">
          <reporter-output>
          </reporter-output>
        </test-method> <!-- testUpdateUserByName -->
        <test-method status="PASS" signature="testDeleteUserByName()[pri:4, instance:TestEndpoints.TestEndpoints@3abbfa04]" name="testDeleteUserByName" duration-ms="1160" started-at="2023-02-10T20:15:13 IST" finished-at="2023-02-10T20:15:14 IST">
          <reporter-output>
          </reporter-output>
        </test-method> <!-- testDeleteUserByName -->
      </class> <!-- TestEndpoints.TestEndpoints -->
    </test> <!-- Command line test -->
  </suite> <!-- TestEndpoints.TestEndpoints -->
</testng-results>
